{"C:\\Users\\danie\\Desktop\\itproject\\app.js": {"path":"C:\\Users\\danie\\Desktop\\itproject\\app.js","statementMap":{"0":{"start":{"line":3,"column":16},"end":{"line":3,"column":34}},"1":{"start":{"line":4,"column":13},"end":{"line":4,"column":28}},"2":{"start":{"line":5,"column":13},"end":{"line":5,"column":28}},"3":{"start":{"line":8,"column":12},"end":{"line":8,"column":34}},"4":{"start":{"line":10,"column":0},"end":{"line":10,"column":13}},"5":{"start":{"line":12,"column":0},"end":{"line":12,"column":20}},"6":{"start":{"line":15,"column":15},"end":{"line":15,"column":40}},"7":{"start":{"line":18,"column":12},"end":{"line":18,"column":21}},"8":{"start":{"line":21,"column":0},"end":{"line":21,"column":24}},"9":{"start":{"line":22,"column":0},"end":{"line":22,"column":48}},"10":{"start":{"line":25,"column":0},"end":{"line":25,"column":16}},"11":{"start":{"line":28,"column":0},"end":{"line":36,"column":2}},"12":{"start":{"line":31,"column":26},"end":{"line":31,"column":92}},"13":{"start":{"line":32,"column":4},"end":{"line":32,"column":47}},"14":{"start":{"line":33,"column":4},"end":{"line":33,"column":11}},"15":{"start":{"line":39,"column":0},"end":{"line":46,"column":1}},"16":{"start":{"line":40,"column":2},"end":{"line":40,"column":64}},"17":{"start":{"line":41,"column":2},"end":{"line":43,"column":5}},"18":{"start":{"line":42,"column":4},"end":{"line":42,"column":75}},"19":{"start":{"line":45,"column":2},"end":{"line":45,"column":54}},"20":{"start":{"line":48,"column":0},"end":{"line":48,"column":21}}},"fnMap":{"0":{"name":"(anonymous_0)","decl":{"start":{"line":30,"column":2},"end":{"line":30,"column":3}},"loc":{"start":{"line":30,"column":22},"end":{"line":34,"column":3}},"line":30},"1":{"name":"(anonymous_1)","decl":{"start":{"line":41,"column":15},"end":{"line":41,"column":16}},"loc":{"start":{"line":41,"column":29},"end":{"line":43,"column":3}},"line":41}},"branchMap":{"0":{"loc":{"start":{"line":39,"column":0},"end":{"line":46,"column":1}},"type":"if","locations":[{"start":{"line":39,"column":0},"end":{"line":46,"column":1}},{"start":{"line":39,"column":0},"end":{"line":46,"column":1}}],"line":39}},"s":{"0":1,"1":1,"2":1,"3":1,"4":1,"5":1,"6":1,"7":1,"8":1,"9":1,"10":1,"11":1,"12":15,"13":15,"14":15,"15":1,"16":0,"17":0,"18":0,"19":1,"20":1},"f":{"0":15,"1":0},"b":{"0":[0,1]},"_coverageSchema":"1a1c01bbd47fc00a2c39e90264f33305004495a9","hash":"5c63f1d2ccafe514ae88be5928b4d99bfdb8096a"}
,"C:\\Users\\danie\\Desktop\\itproject\\server.js": {"path":"C:\\Users\\danie\\Desktop\\itproject\\server.js","statementMap":{"0":{"start":{"line":1,"column":12},"end":{"line":1,"column":28}},"1":{"start":{"line":8,"column":0},"end":{"line":8,"column":20}},"2":{"start":{"line":11,"column":13},"end":{"line":11,"column":37}},"3":{"start":{"line":12,"column":0},"end":{"line":14,"column":3}},"4":{"start":{"line":13,"column":2},"end":{"line":13,"column":66}}},"fnMap":{"0":{"name":"(anonymous_0)","decl":{"start":{"line":12,"column":17},"end":{"line":12,"column":18}},"loc":{"start":{"line":12,"column":23},"end":{"line":14,"column":1}},"line":12}},"branchMap":{"0":{"loc":{"start":{"line":11,"column":13},"end":{"line":11,"column":37}},"type":"binary-expr","locations":[{"start":{"line":11,"column":13},"end":{"line":11,"column":29}},{"start":{"line":11,"column":33},"end":{"line":11,"column":37}}],"line":11}},"s":{"0":0,"1":0,"2":0,"3":0,"4":0},"f":{"0":0},"b":{"0":[0,0]}}
,"C:\\Users\\danie\\Desktop\\itproject\\controllers\\user.js": {"path":"C:\\Users\\danie\\Desktop\\itproject\\controllers\\user.js","statementMap":{"0":{"start":{"line":2,"column":15},"end":{"line":2,"column":32}},"1":{"start":{"line":3,"column":23},"end":{"line":3,"column":49}},"2":{"start":{"line":4,"column":17},"end":{"line":4,"column":36}},"3":{"start":{"line":5,"column":26},"end":{"line":5,"column":55}},"4":{"start":{"line":8,"column":18},"end":{"line":8,"column":41}},"5":{"start":{"line":12,"column":16},"end":{"line":34,"column":1}},"6":{"start":{"line":13,"column":17},"end":{"line":13,"column":25}},"7":{"start":{"line":16,"column":2},"end":{"line":33,"column":7}},"8":{"start":{"line":20,"column":22},"end":{"line":20,"column":25}},"9":{"start":{"line":21,"column":6},"end":{"line":21,"column":30}},"10":{"start":{"line":22,"column":6},"end":{"line":22,"column":31}},"11":{"start":{"line":23,"column":6},"end":{"line":23,"column":31}},"12":{"start":{"line":24,"column":6},"end":{"line":24,"column":25}},"13":{"start":{"line":25,"column":6},"end":{"line":25,"column":66}},"14":{"start":{"line":26,"column":6},"end":{"line":26,"column":22}},"15":{"start":{"line":27,"column":6},"end":{"line":27,"column":20}},"16":{"start":{"line":30,"column":6},"end":{"line":30,"column":60}},"17":{"start":{"line":31,"column":6},"end":{"line":31,"column":22}},"18":{"start":{"line":32,"column":6},"end":{"line":32,"column":75}},"19":{"start":{"line":37,"column":22},"end":{"line":72,"column":1}},"20":{"start":{"line":38,"column":2},"end":{"line":43,"column":3}},"21":{"start":{"line":39,"column":4},"end":{"line":39,"column":74}},"22":{"start":{"line":40,"column":4},"end":{"line":40,"column":20}},"23":{"start":{"line":41,"column":4},"end":{"line":41,"column":74}},"24":{"start":{"line":42,"column":4},"end":{"line":42,"column":11}},"25":{"start":{"line":45,"column":23},"end":{"line":69,"column":3}},"26":{"start":{"line":46,"column":4},"end":{"line":53,"column":5}},"27":{"start":{"line":47,"column":6},"end":{"line":47,"column":22}},"28":{"start":{"line":48,"column":6},"end":{"line":48,"column":66}},"29":{"start":{"line":49,"column":6},"end":{"line":51,"column":8}},"30":{"start":{"line":52,"column":6},"end":{"line":52,"column":13}},"31":{"start":{"line":55,"column":20},"end":{"line":55,"column":52}},"32":{"start":{"line":57,"column":4},"end":{"line":64,"column":5}},"33":{"start":{"line":57,"column":17},"end":{"line":57,"column":18}},"34":{"start":{"line":58,"column":6},"end":{"line":58,"column":30}},"35":{"start":{"line":59,"column":6},"end":{"line":59,"column":33}},"36":{"start":{"line":60,"column":6},"end":{"line":60,"column":34}},"37":{"start":{"line":61,"column":6},"end":{"line":61,"column":34}},"38":{"start":{"line":62,"column":6},"end":{"line":62,"column":29}},"39":{"start":{"line":63,"column":6},"end":{"line":63,"column":28}},"40":{"start":{"line":66,"column":4},"end":{"line":66,"column":78}},"41":{"start":{"line":67,"column":4},"end":{"line":67,"column":20}},"42":{"start":{"line":68,"column":4},"end":{"line":68,"column":22}},"43":{"start":{"line":71,"column":2},"end":{"line":71,"column":68}},"44":{"start":{"line":75,"column":16},"end":{"line":160,"column":1}},"45":{"start":{"line":77,"column":2},"end":{"line":88,"column":3}},"46":{"start":{"line":84,"column":4},"end":{"line":84,"column":68}},"47":{"start":{"line":85,"column":4},"end":{"line":85,"column":20}},"48":{"start":{"line":86,"column":4},"end":{"line":86,"column":58}},"49":{"start":{"line":87,"column":4},"end":{"line":87,"column":11}},"50":{"start":{"line":91,"column":2},"end":{"line":96,"column":3}},"51":{"start":{"line":92,"column":4},"end":{"line":92,"column":75}},"52":{"start":{"line":93,"column":4},"end":{"line":93,"column":20}},"53":{"start":{"line":94,"column":4},"end":{"line":94,"column":76}},"54":{"start":{"line":95,"column":4},"end":{"line":95,"column":11}},"55":{"start":{"line":99,"column":2},"end":{"line":106,"column":3}},"56":{"start":{"line":100,"column":4},"end":{"line":100,"column":79}},"57":{"start":{"line":101,"column":4},"end":{"line":101,"column":20}},"58":{"start":{"line":102,"column":4},"end":{"line":104,"column":6}},"59":{"start":{"line":105,"column":4},"end":{"line":105,"column":11}},"60":{"start":{"line":109,"column":2},"end":{"line":114,"column":3}},"61":{"start":{"line":110,"column":4},"end":{"line":110,"column":57}},"62":{"start":{"line":111,"column":4},"end":{"line":111,"column":20}},"63":{"start":{"line":112,"column":4},"end":{"line":112,"column":55}},"64":{"start":{"line":113,"column":4},"end":{"line":113,"column":11}},"65":{"start":{"line":117,"column":21},"end":{"line":142,"column":3}},"66":{"start":{"line":119,"column":4},"end":{"line":138,"column":5}},"67":{"start":{"line":120,"column":6},"end":{"line":131,"column":7}},"68":{"start":{"line":125,"column":8},"end":{"line":127,"column":10}},"69":{"start":{"line":128,"column":8},"end":{"line":128,"column":24}},"70":{"start":{"line":129,"column":8},"end":{"line":129,"column":74}},"71":{"start":{"line":130,"column":8},"end":{"line":130,"column":15}},"72":{"start":{"line":134,"column":6},"end":{"line":134,"column":22}},"73":{"start":{"line":135,"column":6},"end":{"line":135,"column":60}},"74":{"start":{"line":136,"column":6},"end":{"line":136,"column":67}},"75":{"start":{"line":137,"column":6},"end":{"line":137,"column":13}},"76":{"start":{"line":139,"column":4},"end":{"line":139,"column":56}},"77":{"start":{"line":140,"column":4},"end":{"line":140,"column":20}},"78":{"start":{"line":141,"column":4},"end":{"line":141,"column":73}},"79":{"start":{"line":145,"column":19},"end":{"line":156,"column":3}},"80":{"start":{"line":146,"column":4},"end":{"line":151,"column":5}},"81":{"start":{"line":147,"column":6},"end":{"line":147,"column":60}},"82":{"start":{"line":148,"column":6},"end":{"line":148,"column":22}},"83":{"start":{"line":149,"column":6},"end":{"line":149,"column":67}},"84":{"start":{"line":150,"column":6},"end":{"line":150,"column":13}},"85":{"start":{"line":152,"column":17},"end":{"line":152,"column":25}},"86":{"start":{"line":153,"column":4},"end":{"line":153,"column":25}},"87":{"start":{"line":154,"column":17},"end":{"line":154,"column":36}},"88":{"start":{"line":155,"column":4},"end":{"line":155,"column":26}},"89":{"start":{"line":159,"column":2},"end":{"line":159,"column":47}},"90":{"start":{"line":163,"column":18},"end":{"line":221,"column":1}},"91":{"start":{"line":165,"column":2},"end":{"line":170,"column":3}},"92":{"start":{"line":166,"column":4},"end":{"line":166,"column":70}},"93":{"start":{"line":167,"column":4},"end":{"line":167,"column":20}},"94":{"start":{"line":168,"column":4},"end":{"line":168,"column":64}},"95":{"start":{"line":169,"column":4},"end":{"line":169,"column":11}},"96":{"start":{"line":172,"column":13},"end":{"line":172,"column":15}},"97":{"start":{"line":175,"column":27},"end":{"line":195,"column":3}},"98":{"start":{"line":176,"column":4},"end":{"line":180,"column":5}},"99":{"start":{"line":177,"column":6},"end":{"line":177,"column":62}},"100":{"start":{"line":178,"column":6},"end":{"line":178,"column":22}},"101":{"start":{"line":179,"column":6},"end":{"line":179,"column":73}},"102":{"start":{"line":181,"column":4},"end":{"line":194,"column":5}},"103":{"start":{"line":182,"column":22},"end":{"line":184,"column":7}},"104":{"start":{"line":185,"column":6},"end":{"line":185,"column":58}},"105":{"start":{"line":186,"column":6},"end":{"line":186,"column":22}},"106":{"start":{"line":187,"column":6},"end":{"line":187,"column":50}},"107":{"start":{"line":189,"column":6},"end":{"line":191,"column":8}},"108":{"start":{"line":192,"column":6},"end":{"line":192,"column":22}},"109":{"start":{"line":193,"column":6},"end":{"line":193,"column":55}},"110":{"start":{"line":198,"column":26},"end":{"line":217,"column":3}},"111":{"start":{"line":199,"column":4},"end":{"line":208,"column":5}},"112":{"start":{"line":200,"column":6},"end":{"line":202,"column":8}},"113":{"start":{"line":203,"column":6},"end":{"line":203,"column":22}},"114":{"start":{"line":204,"column":6},"end":{"line":206,"column":8}},"115":{"start":{"line":207,"column":6},"end":{"line":207,"column":13}},"116":{"start":{"line":209,"column":4},"end":{"line":214,"column":5}},"117":{"start":{"line":210,"column":6},"end":{"line":210,"column":62}},"118":{"start":{"line":211,"column":6},"end":{"line":211,"column":22}},"119":{"start":{"line":212,"column":6},"end":{"line":212,"column":73}},"120":{"start":{"line":213,"column":6},"end":{"line":213,"column":13}},"121":{"start":{"line":215,"column":4},"end":{"line":215,"column":19}},"122":{"start":{"line":216,"column":4},"end":{"line":216,"column":71}},"123":{"start":{"line":220,"column":2},"end":{"line":220,"column":61}},"124":{"start":{"line":224,"column":19},"end":{"line":288,"column":1}},"125":{"start":{"line":225,"column":17},"end":{"line":225,"column":25}},"126":{"start":{"line":226,"column":17},"end":{"line":226,"column":60}},"127":{"start":{"line":228,"column":23},"end":{"line":244,"column":3}},"128":{"start":{"line":229,"column":4},"end":{"line":234,"column":5}},"129":{"start":{"line":230,"column":6},"end":{"line":230,"column":63}},"130":{"start":{"line":231,"column":6},"end":{"line":231,"column":22}},"131":{"start":{"line":232,"column":6},"end":{"line":232,"column":74}},"132":{"start":{"line":233,"column":6},"end":{"line":233,"column":13}},"133":{"start":{"line":235,"column":4},"end":{"line":240,"column":5}},"134":{"start":{"line":236,"column":6},"end":{"line":236,"column":63}},"135":{"start":{"line":237,"column":6},"end":{"line":237,"column":22}},"136":{"start":{"line":238,"column":6},"end":{"line":238,"column":57}},"137":{"start":{"line":239,"column":6},"end":{"line":239,"column":13}},"138":{"start":{"line":241,"column":4},"end":{"line":241,"column":72}},"139":{"start":{"line":242,"column":4},"end":{"line":242,"column":20}},"140":{"start":{"line":243,"column":4},"end":{"line":243,"column":66}},"141":{"start":{"line":246,"column":25},"end":{"line":255,"column":3}},"142":{"start":{"line":247,"column":4},"end":{"line":252,"column":5}},"143":{"start":{"line":248,"column":6},"end":{"line":248,"column":63}},"144":{"start":{"line":249,"column":6},"end":{"line":249,"column":22}},"145":{"start":{"line":250,"column":6},"end":{"line":250,"column":74}},"146":{"start":{"line":251,"column":6},"end":{"line":251,"column":13}},"147":{"start":{"line":253,"column":4},"end":{"line":253,"column":27}},"148":{"start":{"line":254,"column":4},"end":{"line":254,"column":59}},"149":{"start":{"line":257,"column":26},"end":{"line":275,"column":3}},"150":{"start":{"line":258,"column":4},"end":{"line":263,"column":5}},"151":{"start":{"line":259,"column":6},"end":{"line":259,"column":63}},"152":{"start":{"line":260,"column":6},"end":{"line":260,"column":22}},"153":{"start":{"line":261,"column":6},"end":{"line":261,"column":74}},"154":{"start":{"line":262,"column":6},"end":{"line":262,"column":13}},"155":{"start":{"line":264,"column":4},"end":{"line":274,"column":5}},"156":{"start":{"line":265,"column":6},"end":{"line":269,"column":7}},"157":{"start":{"line":266,"column":8},"end":{"line":266,"column":57}},"158":{"start":{"line":268,"column":8},"end":{"line":268,"column":63}},"159":{"start":{"line":271,"column":6},"end":{"line":271,"column":80}},"160":{"start":{"line":272,"column":6},"end":{"line":272,"column":22}},"161":{"start":{"line":273,"column":6},"end":{"line":273,"column":59}},"162":{"start":{"line":278,"column":2},"end":{"line":287,"column":7}},"163":{"start":{"line":281,"column":6},"end":{"line":281,"column":71}},"164":{"start":{"line":284,"column":6},"end":{"line":284,"column":63}},"165":{"start":{"line":285,"column":6},"end":{"line":285,"column":22}},"166":{"start":{"line":286,"column":6},"end":{"line":286,"column":74}},"167":{"start":{"line":291,"column":19},"end":{"line":339,"column":1}},"168":{"start":{"line":292,"column":17},"end":{"line":292,"column":25}},"169":{"start":{"line":294,"column":23},"end":{"line":310,"column":3}},"170":{"start":{"line":295,"column":4},"end":{"line":300,"column":5}},"171":{"start":{"line":296,"column":6},"end":{"line":296,"column":63}},"172":{"start":{"line":297,"column":6},"end":{"line":297,"column":22}},"173":{"start":{"line":298,"column":6},"end":{"line":298,"column":74}},"174":{"start":{"line":299,"column":6},"end":{"line":299,"column":13}},"175":{"start":{"line":301,"column":4},"end":{"line":306,"column":5}},"176":{"start":{"line":302,"column":6},"end":{"line":302,"column":63}},"177":{"start":{"line":303,"column":6},"end":{"line":303,"column":22}},"178":{"start":{"line":304,"column":6},"end":{"line":304,"column":57}},"179":{"start":{"line":305,"column":6},"end":{"line":305,"column":13}},"180":{"start":{"line":307,"column":4},"end":{"line":307,"column":72}},"181":{"start":{"line":308,"column":4},"end":{"line":308,"column":20}},"182":{"start":{"line":309,"column":4},"end":{"line":309,"column":66}},"183":{"start":{"line":312,"column":26},"end":{"line":326,"column":3}},"184":{"start":{"line":313,"column":4},"end":{"line":318,"column":5}},"185":{"start":{"line":314,"column":6},"end":{"line":314,"column":63}},"186":{"start":{"line":315,"column":6},"end":{"line":315,"column":22}},"187":{"start":{"line":316,"column":6},"end":{"line":316,"column":74}},"188":{"start":{"line":317,"column":6},"end":{"line":317,"column":13}},"189":{"start":{"line":319,"column":4},"end":{"line":325,"column":5}},"190":{"start":{"line":320,"column":6},"end":{"line":320,"column":53}},"191":{"start":{"line":322,"column":6},"end":{"line":322,"column":80}},"192":{"start":{"line":323,"column":6},"end":{"line":323,"column":22}},"193":{"start":{"line":324,"column":6},"end":{"line":324,"column":59}},"194":{"start":{"line":329,"column":2},"end":{"line":338,"column":7}},"195":{"start":{"line":332,"column":6},"end":{"line":332,"column":71}},"196":{"start":{"line":335,"column":6},"end":{"line":335,"column":63}},"197":{"start":{"line":336,"column":6},"end":{"line":336,"column":22}},"198":{"start":{"line":337,"column":6},"end":{"line":337,"column":74}},"199":{"start":{"line":341,"column":0},"end":{"line":341,"column":33}},"200":{"start":{"line":342,"column":0},"end":{"line":342,"column":45}},"201":{"start":{"line":343,"column":0},"end":{"line":343,"column":33}},"202":{"start":{"line":344,"column":0},"end":{"line":344,"column":37}},"203":{"start":{"line":345,"column":0},"end":{"line":345,"column":39}},"204":{"start":{"line":346,"column":0},"end":{"line":346,"column":39}}},"fnMap":{"0":{"name":"(anonymous_0)","decl":{"start":{"line":12,"column":16},"end":{"line":12,"column":17}},"loc":{"start":{"line":12,"column":30},"end":{"line":34,"column":1}},"line":12},"1":{"name":"(anonymous_1)","decl":{"start":{"line":18,"column":10},"end":{"line":18,"column":11}},"loc":{"start":{"line":18,"column":19},"end":{"line":28,"column":5}},"line":18},"2":{"name":"(anonymous_2)","decl":{"start":{"line":29,"column":11},"end":{"line":29,"column":12}},"loc":{"start":{"line":29,"column":20},"end":{"line":33,"column":5}},"line":29},"3":{"name":"(anonymous_3)","decl":{"start":{"line":37,"column":22},"end":{"line":37,"column":23}},"loc":{"start":{"line":37,"column":36},"end":{"line":72,"column":1}},"line":37},"4":{"name":"(anonymous_4)","decl":{"start":{"line":45,"column":23},"end":{"line":45,"column":24}},"loc":{"start":{"line":45,"column":38},"end":{"line":69,"column":3}},"line":45},"5":{"name":"(anonymous_5)","decl":{"start":{"line":75,"column":16},"end":{"line":75,"column":17}},"loc":{"start":{"line":75,"column":30},"end":{"line":160,"column":1}},"line":75},"6":{"name":"(anonymous_6)","decl":{"start":{"line":117,"column":21},"end":{"line":117,"column":22}},"loc":{"start":{"line":117,"column":39},"end":{"line":142,"column":3}},"line":117},"7":{"name":"(anonymous_7)","decl":{"start":{"line":145,"column":19},"end":{"line":145,"column":20}},"loc":{"start":{"line":145,"column":34},"end":{"line":156,"column":3}},"line":145},"8":{"name":"(anonymous_8)","decl":{"start":{"line":163,"column":18},"end":{"line":163,"column":19}},"loc":{"start":{"line":163,"column":32},"end":{"line":221,"column":1}},"line":163},"9":{"name":"(anonymous_9)","decl":{"start":{"line":175,"column":27},"end":{"line":175,"column":28}},"loc":{"start":{"line":175,"column":43},"end":{"line":195,"column":3}},"line":175},"10":{"name":"(anonymous_10)","decl":{"start":{"line":198,"column":26},"end":{"line":198,"column":27}},"loc":{"start":{"line":198,"column":41},"end":{"line":217,"column":3}},"line":198},"11":{"name":"(anonymous_11)","decl":{"start":{"line":224,"column":19},"end":{"line":224,"column":20}},"loc":{"start":{"line":224,"column":33},"end":{"line":288,"column":1}},"line":224},"12":{"name":"(anonymous_12)","decl":{"start":{"line":228,"column":23},"end":{"line":228,"column":24}},"loc":{"start":{"line":228,"column":41},"end":{"line":244,"column":3}},"line":228},"13":{"name":"(anonymous_13)","decl":{"start":{"line":246,"column":25},"end":{"line":246,"column":26}},"loc":{"start":{"line":246,"column":40},"end":{"line":255,"column":3}},"line":246},"14":{"name":"(anonymous_14)","decl":{"start":{"line":257,"column":26},"end":{"line":257,"column":27}},"loc":{"start":{"line":257,"column":42},"end":{"line":275,"column":3}},"line":257},"15":{"name":"(anonymous_15)","decl":{"start":{"line":280,"column":10},"end":{"line":280,"column":11}},"loc":{"start":{"line":280,"column":19},"end":{"line":282,"column":5}},"line":280},"16":{"name":"(anonymous_16)","decl":{"start":{"line":283,"column":11},"end":{"line":283,"column":12}},"loc":{"start":{"line":283,"column":20},"end":{"line":287,"column":5}},"line":283},"17":{"name":"(anonymous_17)","decl":{"start":{"line":291,"column":19},"end":{"line":291,"column":20}},"loc":{"start":{"line":291,"column":33},"end":{"line":339,"column":1}},"line":291},"18":{"name":"(anonymous_18)","decl":{"start":{"line":294,"column":23},"end":{"line":294,"column":24}},"loc":{"start":{"line":294,"column":41},"end":{"line":310,"column":3}},"line":294},"19":{"name":"(anonymous_19)","decl":{"start":{"line":312,"column":26},"end":{"line":312,"column":27}},"loc":{"start":{"line":312,"column":42},"end":{"line":326,"column":3}},"line":312},"20":{"name":"(anonymous_20)","decl":{"start":{"line":331,"column":10},"end":{"line":331,"column":11}},"loc":{"start":{"line":331,"column":19},"end":{"line":333,"column":5}},"line":331},"21":{"name":"(anonymous_21)","decl":{"start":{"line":334,"column":11},"end":{"line":334,"column":12}},"loc":{"start":{"line":334,"column":20},"end":{"line":338,"column":5}},"line":334}},"branchMap":{"0":{"loc":{"start":{"line":38,"column":2},"end":{"line":43,"column":3}},"type":"if","locations":[{"start":{"line":38,"column":2},"end":{"line":43,"column":3}},{"start":{"line":38,"column":2},"end":{"line":43,"column":3}}],"line":38},"1":{"loc":{"start":{"line":46,"column":4},"end":{"line":53,"column":5}},"type":"if","locations":[{"start":{"line":46,"column":4},"end":{"line":53,"column":5}},{"start":{"line":46,"column":4},"end":{"line":53,"column":5}}],"line":46},"2":{"loc":{"start":{"line":77,"column":2},"end":{"line":88,"column":3}},"type":"if","locations":[{"start":{"line":77,"column":2},"end":{"line":88,"column":3}},{"start":{"line":77,"column":2},"end":{"line":88,"column":3}}],"line":77},"3":{"loc":{"start":{"line":78,"column":4},"end":{"line":82,"column":22}},"type":"binary-expr","locations":[{"start":{"line":78,"column":4},"end":{"line":78,"column":19}},{"start":{"line":79,"column":4},"end":{"line":79,"column":22}},{"start":{"line":80,"column":4},"end":{"line":80,"column":23}},{"start":{"line":81,"column":4},"end":{"line":81,"column":22}},{"start":{"line":82,"column":4},"end":{"line":82,"column":22}}],"line":78},"4":{"loc":{"start":{"line":91,"column":2},"end":{"line":96,"column":3}},"type":"if","locations":[{"start":{"line":91,"column":2},"end":{"line":96,"column":3}},{"start":{"line":91,"column":2},"end":{"line":96,"column":3}}],"line":91},"5":{"loc":{"start":{"line":99,"column":2},"end":{"line":106,"column":3}},"type":"if","locations":[{"start":{"line":99,"column":2},"end":{"line":106,"column":3}},{"start":{"line":99,"column":2},"end":{"line":106,"column":3}}],"line":99},"6":{"loc":{"start":{"line":109,"column":2},"end":{"line":114,"column":3}},"type":"if","locations":[{"start":{"line":109,"column":2},"end":{"line":114,"column":3}},{"start":{"line":109,"column":2},"end":{"line":114,"column":3}}],"line":109},"7":{"loc":{"start":{"line":119,"column":4},"end":{"line":138,"column":5}},"type":"if","locations":[{"start":{"line":119,"column":4},"end":{"line":138,"column":5}},{"start":{"line":119,"column":4},"end":{"line":138,"column":5}}],"line":119},"8":{"loc":{"start":{"line":120,"column":6},"end":{"line":131,"column":7}},"type":"if","locations":[{"start":{"line":120,"column":6},"end":{"line":131,"column":7}},{"start":{"line":120,"column":6},"end":{"line":131,"column":7}}],"line":120},"9":{"loc":{"start":{"line":146,"column":4},"end":{"line":151,"column":5}},"type":"if","locations":[{"start":{"line":146,"column":4},"end":{"line":151,"column":5}},{"start":{"line":146,"column":4},"end":{"line":151,"column":5}}],"line":146},"10":{"loc":{"start":{"line":165,"column":2},"end":{"line":170,"column":3}},"type":"if","locations":[{"start":{"line":165,"column":2},"end":{"line":170,"column":3}},{"start":{"line":165,"column":2},"end":{"line":170,"column":3}}],"line":165},"11":{"loc":{"start":{"line":165,"column":6},"end":{"line":165,"column":43}},"type":"binary-expr","locations":[{"start":{"line":165,"column":6},"end":{"line":165,"column":21}},{"start":{"line":165,"column":25},"end":{"line":165,"column":43}}],"line":165},"12":{"loc":{"start":{"line":176,"column":4},"end":{"line":180,"column":5}},"type":"if","locations":[{"start":{"line":176,"column":4},"end":{"line":180,"column":5}},{"start":{"line":176,"column":4},"end":{"line":180,"column":5}}],"line":176},"13":{"loc":{"start":{"line":181,"column":4},"end":{"line":194,"column":5}},"type":"if","locations":[{"start":{"line":181,"column":4},"end":{"line":194,"column":5}},{"start":{"line":181,"column":4},"end":{"line":194,"column":5}}],"line":181},"14":{"loc":{"start":{"line":199,"column":4},"end":{"line":208,"column":5}},"type":"if","locations":[{"start":{"line":199,"column":4},"end":{"line":208,"column":5}},{"start":{"line":199,"column":4},"end":{"line":208,"column":5}}],"line":199},"15":{"loc":{"start":{"line":209,"column":4},"end":{"line":214,"column":5}},"type":"if","locations":[{"start":{"line":209,"column":4},"end":{"line":214,"column":5}},{"start":{"line":209,"column":4},"end":{"line":214,"column":5}}],"line":209},"16":{"loc":{"start":{"line":229,"column":4},"end":{"line":234,"column":5}},"type":"if","locations":[{"start":{"line":229,"column":4},"end":{"line":234,"column":5}},{"start":{"line":229,"column":4},"end":{"line":234,"column":5}}],"line":229},"17":{"loc":{"start":{"line":235,"column":4},"end":{"line":240,"column":5}},"type":"if","locations":[{"start":{"line":235,"column":4},"end":{"line":240,"column":5}},{"start":{"line":235,"column":4},"end":{"line":240,"column":5}}],"line":235},"18":{"loc":{"start":{"line":247,"column":4},"end":{"line":252,"column":5}},"type":"if","locations":[{"start":{"line":247,"column":4},"end":{"line":252,"column":5}},{"start":{"line":247,"column":4},"end":{"line":252,"column":5}}],"line":247},"19":{"loc":{"start":{"line":258,"column":4},"end":{"line":263,"column":5}},"type":"if","locations":[{"start":{"line":258,"column":4},"end":{"line":263,"column":5}},{"start":{"line":258,"column":4},"end":{"line":263,"column":5}}],"line":258},"20":{"loc":{"start":{"line":264,"column":4},"end":{"line":274,"column":5}},"type":"if","locations":[{"start":{"line":264,"column":4},"end":{"line":274,"column":5}},{"start":{"line":264,"column":4},"end":{"line":274,"column":5}}],"line":264},"21":{"loc":{"start":{"line":265,"column":6},"end":{"line":269,"column":7}},"type":"if","locations":[{"start":{"line":265,"column":6},"end":{"line":269,"column":7}},{"start":{"line":265,"column":6},"end":{"line":269,"column":7}}],"line":265},"22":{"loc":{"start":{"line":295,"column":4},"end":{"line":300,"column":5}},"type":"if","locations":[{"start":{"line":295,"column":4},"end":{"line":300,"column":5}},{"start":{"line":295,"column":4},"end":{"line":300,"column":5}}],"line":295},"23":{"loc":{"start":{"line":301,"column":4},"end":{"line":306,"column":5}},"type":"if","locations":[{"start":{"line":301,"column":4},"end":{"line":306,"column":5}},{"start":{"line":301,"column":4},"end":{"line":306,"column":5}}],"line":301},"24":{"loc":{"start":{"line":313,"column":4},"end":{"line":318,"column":5}},"type":"if","locations":[{"start":{"line":313,"column":4},"end":{"line":318,"column":5}},{"start":{"line":313,"column":4},"end":{"line":318,"column":5}}],"line":313},"25":{"loc":{"start":{"line":319,"column":4},"end":{"line":325,"column":5}},"type":"if","locations":[{"start":{"line":319,"column":4},"end":{"line":325,"column":5}},{"start":{"line":319,"column":4},"end":{"line":325,"column":5}}],"line":319}},"s":{"0":1,"1":1,"2":1,"3":1,"4":1,"5":1,"6":1,"7":1,"8":1,"9":1,"10":1,"11":1,"12":1,"13":1,"14":1,"15":1,"16":0,"17":0,"18":0,"19":1,"20":1,"21":0,"22":0,"23":0,"24":0,"25":1,"26":1,"27":0,"28":0,"29":0,"30":0,"31":1,"32":1,"33":1,"34":2,"35":2,"36":2,"37":2,"38":2,"39":2,"40":1,"41":1,"42":1,"43":1,"44":1,"45":7,"46":0,"47":0,"48":0,"49":0,"50":7,"51":0,"52":0,"53":0,"54":0,"55":7,"56":0,"57":0,"58":0,"59":0,"60":7,"61":0,"62":0,"63":0,"64":0,"65":7,"66":7,"67":0,"68":0,"69":0,"70":0,"71":0,"72":0,"73":0,"74":0,"75":0,"76":7,"77":7,"78":7,"79":7,"80":7,"81":0,"82":0,"83":0,"84":0,"85":7,"86":7,"87":7,"88":7,"89":7,"90":1,"91":4,"92":0,"93":0,"94":0,"95":0,"96":4,"97":4,"98":4,"99":0,"100":0,"101":0,"102":4,"103":4,"104":4,"105":4,"106":4,"107":0,"108":0,"109":0,"110":4,"111":4,"112":0,"113":0,"114":0,"115":0,"116":4,"117":0,"118":0,"119":0,"120":0,"121":4,"122":4,"123":4,"124":1,"125":1,"126":1,"127":1,"128":1,"129":0,"130":0,"131":0,"132":0,"133":1,"134":1,"135":1,"136":1,"137":1,"138":0,"139":0,"140":0,"141":1,"142":0,"143":0,"144":0,"145":0,"146":0,"147":0,"148":0,"149":1,"150":1,"151":0,"152":0,"153":0,"154":0,"155":1,"156":1,"157":0,"158":1,"159":0,"160":0,"161":0,"162":1,"163":1,"164":0,"165":0,"166":0,"167":1,"168":1,"169":1,"170":1,"171":0,"172":0,"173":0,"174":0,"175":1,"176":1,"177":1,"178":1,"179":1,"180":0,"181":0,"182":0,"183":1,"184":1,"185":0,"186":0,"187":0,"188":0,"189":1,"190":1,"191":0,"192":0,"193":0,"194":1,"195":1,"196":0,"197":0,"198":0,"199":1,"200":1,"201":1,"202":1,"203":1,"204":1},"f":{"0":1,"1":1,"2":0,"3":1,"4":1,"5":7,"6":7,"7":7,"8":4,"9":4,"10":4,"11":1,"12":1,"13":0,"14":1,"15":1,"16":0,"17":1,"18":1,"19":1,"20":1,"21":0},"b":{"0":[0,1],"1":[0,1],"2":[0,7],"3":[7,7,7,7,7],"4":[0,7],"5":[0,7],"6":[0,7],"7":[0,7],"8":[0,0],"9":[0,7],"10":[0,4],"11":[4,4],"12":[0,4],"13":[4,0],"14":[0,4],"15":[0,4],"16":[0,1],"17":[1,0],"18":[0,0],"19":[0,1],"20":[1,0],"21":[0,1],"22":[0,1],"23":[1,0],"24":[0,1],"25":[1,0]},"_coverageSchema":"1a1c01bbd47fc00a2c39e90264f33305004495a9","hash":"726922c327516bfee951eb8a09301be3800f4faf"}
,"C:\\Users\\danie\\Desktop\\itproject\\models\\Media.js": {"path":"C:\\Users\\danie\\Desktop\\itproject\\models\\Media.js","statementMap":{"0":{"start":{"line":1,"column":17},"end":{"line":1,"column":36}},"1":{"start":{"line":3,"column":15},"end":{"line":3,"column":30}},"2":{"start":{"line":6,"column":20},"end":{"line":20,"column":1}},"3":{"start":{"line":23,"column":0},"end":{"line":23,"column":37}}},"fnMap":{},"branchMap":{},"s":{"0":1,"1":1,"2":1,"3":1},"f":{},"b":{},"_coverageSchema":"1a1c01bbd47fc00a2c39e90264f33305004495a9","hash":"147fa63df8de9df2b3d80d381fa9563b2200fe01"}
,"C:\\Users\\danie\\Desktop\\itproject\\models\\User.js": {"path":"C:\\Users\\danie\\Desktop\\itproject\\models\\User.js","statementMap":{"0":{"start":{"line":1,"column":17},"end":{"line":1,"column":36}},"1":{"start":{"line":3,"column":15},"end":{"line":3,"column":30}},"2":{"start":{"line":4,"column":18},"end":{"line":4,"column":44}},"3":{"start":{"line":8,"column":19},"end":{"line":47,"column":1}},"4":{"start":{"line":17,"column":8},"end":{"line":19,"column":9}},"5":{"start":{"line":18,"column":10},"end":{"line":18,"column":51}},"6":{"start":{"line":50,"column":0},"end":{"line":50,"column":36}}},"fnMap":{"0":{"name":"(anonymous_0)","decl":{"start":{"line":16,"column":16},"end":{"line":16,"column":17}},"loc":{"start":{"line":16,"column":27},"end":{"line":20,"column":7}},"line":16}},"branchMap":{"0":{"loc":{"start":{"line":17,"column":8},"end":{"line":19,"column":9}},"type":"if","locations":[{"start":{"line":17,"column":8},"end":{"line":19,"column":9}},{"start":{"line":17,"column":8},"end":{"line":19,"column":9}}],"line":17}},"s":{"0":1,"1":1,"2":1,"3":1,"4":7,"5":0,"6":1},"f":{"0":7},"b":{"0":[0,7]},"_coverageSchema":"1a1c01bbd47fc00a2c39e90264f33305004495a9","hash":"1a32a55230a93d226e9e838de2a707dd67fec7d2"}
,"C:\\Users\\danie\\Desktop\\itproject\\models\\index.js": {"path":"C:\\Users\\danie\\Desktop\\itproject\\models\\index.js","statementMap":{"0":{"start":{"line":3,"column":17},"end":{"line":3,"column":36}},"1":{"start":{"line":7,"column":2},"end":{"line":7,"column":100}},"2":{"start":{"line":9,"column":18},"end":{"line":12,"column":51}},"3":{"start":{"line":16,"column":0},"end":{"line":22,"column":3}},"4":{"start":{"line":24,"column":14},"end":{"line":24,"column":33}},"5":{"start":{"line":25,"column":0},"end":{"line":28,"column":3}},"6":{"start":{"line":26,"column":2},"end":{"line":26,"column":21}},"7":{"start":{"line":27,"column":2},"end":{"line":27,"column":18}},"8":{"start":{"line":29,"column":0},"end":{"line":31,"column":3}},"9":{"start":{"line":30,"column":2},"end":{"line":30,"column":73}},"10":{"start":{"line":34,"column":0},"end":{"line":34,"column":18}},"11":{"start":{"line":35,"column":0},"end":{"line":35,"column":19}},"12":{"start":{"line":38,"column":21},"end":{"line":40,"column":1}},"13":{"start":{"line":39,"column":2},"end":{"line":39,"column":24}},"14":{"start":{"line":43,"column":25},"end":{"line":47,"column":1}},"15":{"start":{"line":44,"column":2},"end":{"line":46,"column":5}},"16":{"start":{"line":45,"column":4},"end":{"line":45,"column":30}},"17":{"start":{"line":49,"column":0},"end":{"line":49,"column":43}},"18":{"start":{"line":50,"column":0},"end":{"line":50,"column":51}}},"fnMap":{"0":{"name":"(anonymous_0)","decl":{"start":{"line":25,"column":18},"end":{"line":25,"column":19}},"loc":{"start":{"line":25,"column":27},"end":{"line":28,"column":1}},"line":25},"1":{"name":"(anonymous_1)","decl":{"start":{"line":29,"column":19},"end":{"line":29,"column":20}},"loc":{"start":{"line":29,"column":31},"end":{"line":31,"column":1}},"line":29},"2":{"name":"(anonymous_2)","decl":{"start":{"line":38,"column":21},"end":{"line":38,"column":22}},"loc":{"start":{"line":38,"column":27},"end":{"line":40,"column":1}},"line":38},"3":{"name":"(anonymous_3)","decl":{"start":{"line":43,"column":25},"end":{"line":43,"column":26}},"loc":{"start":{"line":43,"column":37},"end":{"line":47,"column":1}},"line":43},"4":{"name":"(anonymous_4)","decl":{"start":{"line":44,"column":43},"end":{"line":44,"column":44}},"loc":{"start":{"line":44,"column":59},"end":{"line":46,"column":3}},"line":44}},"branchMap":{"0":{"loc":{"start":{"line":16,"column":17},"end":{"line":16,"column":61}},"type":"binary-expr","locations":[{"start":{"line":16,"column":17},"end":{"line":16,"column":26}},{"start":{"line":16,"column":30},"end":{"line":16,"column":61}}],"line":16}},"s":{"0":1,"1":1,"2":1,"3":1,"4":1,"5":1,"6":0,"7":0,"8":1,"9":1,"10":1,"11":1,"12":1,"13":1,"14":1,"15":6,"16":12,"17":1,"18":1},"f":{"0":0,"1":1,"2":1,"3":6,"4":12},"b":{"0":[1,0]},"_coverageSchema":"1a1c01bbd47fc00a2c39e90264f33305004495a9","hash":"33c895073dbb2043f804fea4da42ce1d0d06f7b5"}
,"C:\\Users\\danie\\Desktop\\itproject\\routes\\index.js": {"path":"C:\\Users\\danie\\Desktop\\itproject\\routes\\index.js","statementMap":{"0":{"start":{"line":1,"column":16},"end":{"line":1,"column":34}},"1":{"start":{"line":3,"column":15},"end":{"line":3,"column":31}},"2":{"start":{"line":5,"column":19},"end":{"line":5,"column":36}},"3":{"start":{"line":7,"column":0},"end":{"line":7,"column":32}},"4":{"start":{"line":10,"column":0},"end":{"line":12,"column":3}},"5":{"start":{"line":11,"column":2},"end":{"line":11,"column":35}},"6":{"start":{"line":14,"column":0},"end":{"line":14,"column":24}}},"fnMap":{"0":{"name":"(anonymous_0)","decl":{"start":{"line":10,"column":16},"end":{"line":10,"column":17}},"loc":{"start":{"line":10,"column":30},"end":{"line":12,"column":1}},"line":10}},"branchMap":{},"s":{"0":1,"1":1,"2":1,"3":1,"4":1,"5":0,"6":1},"f":{"0":0},"b":{},"_coverageSchema":"1a1c01bbd47fc00a2c39e90264f33305004495a9","hash":"2bdebeeb4121678bb25bd46106925d64bdd0c54d"}
,"C:\\Users\\danie\\Desktop\\itproject\\routes\\user.js": {"path":"C:\\Users\\danie\\Desktop\\itproject\\routes\\user.js","statementMap":{"0":{"start":{"line":1,"column":16},"end":{"line":1,"column":34}},"1":{"start":{"line":3,"column":15},"end":{"line":3,"column":31}},"2":{"start":{"line":4,"column":30},"end":{"line":4,"column":59}},"3":{"start":{"line":5,"column":23},"end":{"line":5,"column":53}},"4":{"start":{"line":8,"column":0},"end":{"line":10,"column":3}},"5":{"start":{"line":9,"column":2},"end":{"line":9,"column":35}},"6":{"start":{"line":13,"column":0},"end":{"line":15,"column":3}},"7":{"start":{"line":14,"column":2},"end":{"line":14,"column":41}},"8":{"start":{"line":18,"column":0},"end":{"line":20,"column":3}},"9":{"start":{"line":19,"column":2},"end":{"line":19,"column":35}},"10":{"start":{"line":23,"column":0},"end":{"line":25,"column":3}},"11":{"start":{"line":24,"column":2},"end":{"line":24,"column":37}},"12":{"start":{"line":28,"column":0},"end":{"line":30,"column":3}},"13":{"start":{"line":29,"column":2},"end":{"line":29,"column":38}},"14":{"start":{"line":33,"column":0},"end":{"line":35,"column":3}},"15":{"start":{"line":34,"column":2},"end":{"line":34,"column":38}},"16":{"start":{"line":38,"column":0},"end":{"line":38,"column":24}}},"fnMap":{"0":{"name":"(anonymous_0)","decl":{"start":{"line":8,"column":38},"end":{"line":8,"column":39}},"loc":{"start":{"line":8,"column":52},"end":{"line":10,"column":1}},"line":8},"1":{"name":"(anonymous_1)","decl":{"start":{"line":13,"column":26},"end":{"line":13,"column":27}},"loc":{"start":{"line":13,"column":40},"end":{"line":15,"column":1}},"line":13},"2":{"name":"(anonymous_2)","decl":{"start":{"line":18,"column":20},"end":{"line":18,"column":21}},"loc":{"start":{"line":18,"column":34},"end":{"line":20,"column":1}},"line":18},"3":{"name":"(anonymous_3)","decl":{"start":{"line":23,"column":22},"end":{"line":23,"column":23}},"loc":{"start":{"line":23,"column":36},"end":{"line":25,"column":1}},"line":23},"4":{"name":"(anonymous_4)","decl":{"start":{"line":28,"column":42},"end":{"line":28,"column":43}},"loc":{"start":{"line":28,"column":56},"end":{"line":30,"column":1}},"line":28},"5":{"name":"(anonymous_5)","decl":{"start":{"line":33,"column":42},"end":{"line":33,"column":43}},"loc":{"start":{"line":33,"column":56},"end":{"line":35,"column":1}},"line":33}},"branchMap":{},"s":{"0":1,"1":1,"2":1,"3":1,"4":1,"5":1,"6":1,"7":1,"8":1,"9":7,"10":1,"11":4,"12":1,"13":1,"14":1,"15":1,"16":1},"f":{"0":1,"1":1,"2":7,"3":4,"4":1,"5":1},"b":{},"_coverageSchema":"1a1c01bbd47fc00a2c39e90264f33305004495a9","hash":"0ba52cc04ab1dc841b9f88aa5801c639bf503ece"}
,"C:\\Users\\danie\\Desktop\\itproject\\utils\\env.js": {"path":"C:\\Users\\danie\\Desktop\\itproject\\utils\\env.js","statementMap":{"0":{"start":{"line":1,"column":15},"end":{"line":7,"column":1}},"1":{"start":{"line":2,"column":2},"end":{"line":6,"column":3}},"2":{"start":{"line":3,"column":4},"end":{"line":3,"column":77}},"3":{"start":{"line":4,"column":9},"end":{"line":6,"column":3}},"4":{"start":{"line":5,"column":4},"end":{"line":5,"column":70}},"5":{"start":{"line":9,"column":0},"end":{"line":9,"column":31}}},"fnMap":{"0":{"name":"(anonymous_0)","decl":{"start":{"line":1,"column":15},"end":{"line":1,"column":16}},"loc":{"start":{"line":1,"column":21},"end":{"line":7,"column":1}},"line":1}},"branchMap":{"0":{"loc":{"start":{"line":2,"column":2},"end":{"line":6,"column":3}},"type":"if","locations":[{"start":{"line":2,"column":2},"end":{"line":6,"column":3}},{"start":{"line":2,"column":2},"end":{"line":6,"column":3}}],"line":2},"1":{"loc":{"start":{"line":4,"column":9},"end":{"line":6,"column":3}},"type":"if","locations":[{"start":{"line":4,"column":9},"end":{"line":6,"column":3}},{"start":{"line":4,"column":9},"end":{"line":6,"column":3}}],"line":4}},"s":{"0":1,"1":1,"2":0,"3":1,"4":1,"5":1},"f":{"0":1},"b":{"0":[0,1],"1":[1,0]},"_coverageSchema":"1a1c01bbd47fc00a2c39e90264f33305004495a9","hash":"87a4691ba2fde3befa92ab74504da6181209ba50"}
,"C:\\Users\\danie\\Desktop\\itproject\\utils\\jwtTokens.js": {"path":"C:\\Users\\danie\\Desktop\\itproject\\utils\\jwtTokens.js","statementMap":{"0":{"start":{"line":2,"column":12},"end":{"line":2,"column":35}},"1":{"start":{"line":4,"column":15},"end":{"line":4,"column":33}},"2":{"start":{"line":6,"column":22},"end":{"line":8,"column":1}},"3":{"start":{"line":7,"column":2},"end":{"line":7,"column":56}},"4":{"start":{"line":10,"column":26},"end":{"line":26,"column":1}},"5":{"start":{"line":11,"column":21},"end":{"line":11,"column":46}},"6":{"start":{"line":12,"column":16},"end":{"line":12,"column":54}},"7":{"start":{"line":13,"column":2},"end":{"line":16,"column":3}},"8":{"start":{"line":14,"column":4},"end":{"line":14,"column":55}},"9":{"start":{"line":15,"column":4},"end":{"line":15,"column":31}},"10":{"start":{"line":18,"column":2},"end":{"line":25,"column":5}},"11":{"start":{"line":19,"column":4},"end":{"line":22,"column":5}},"12":{"start":{"line":20,"column":6},"end":{"line":20,"column":72}},"13":{"start":{"line":21,"column":6},"end":{"line":21,"column":33}},"14":{"start":{"line":23,"column":4},"end":{"line":23,"column":20}},"15":{"start":{"line":24,"column":4},"end":{"line":24,"column":18}},"16":{"start":{"line":28,"column":0},"end":{"line":28,"column":45}},"17":{"start":{"line":29,"column":0},"end":{"line":29,"column":53}}},"fnMap":{"0":{"name":"(anonymous_0)","decl":{"start":{"line":6,"column":22},"end":{"line":6,"column":23}},"loc":{"start":{"line":6,"column":35},"end":{"line":8,"column":1}},"line":6},"1":{"name":"(anonymous_1)","decl":{"start":{"line":10,"column":26},"end":{"line":10,"column":27}},"loc":{"start":{"line":10,"column":46},"end":{"line":26,"column":1}},"line":10},"2":{"name":"(anonymous_2)","decl":{"start":{"line":18,"column":35},"end":{"line":18,"column":36}},"loc":{"start":{"line":18,"column":50},"end":{"line":25,"column":3}},"line":18}},"branchMap":{"0":{"loc":{"start":{"line":12,"column":16},"end":{"line":12,"column":54}},"type":"binary-expr","locations":[{"start":{"line":12,"column":16},"end":{"line":12,"column":26}},{"start":{"line":12,"column":30},"end":{"line":12,"column":54}}],"line":12},"1":{"loc":{"start":{"line":13,"column":2},"end":{"line":16,"column":3}},"type":"if","locations":[{"start":{"line":13,"column":2},"end":{"line":16,"column":3}},{"start":{"line":13,"column":2},"end":{"line":16,"column":3}}],"line":13},"2":{"loc":{"start":{"line":19,"column":4},"end":{"line":22,"column":5}},"type":"if","locations":[{"start":{"line":19,"column":4},"end":{"line":22,"column":5}},{"start":{"line":19,"column":4},"end":{"line":22,"column":5}}],"line":19}},"s":{"0":1,"1":1,"2":1,"3":4,"4":1,"5":3,"6":3,"7":3,"8":0,"9":0,"10":3,"11":3,"12":0,"13":0,"14":3,"15":3,"16":1,"17":1},"f":{"0":4,"1":3,"2":3},"b":{"0":[3,3],"1":[0,3],"2":[0,3]},"_coverageSchema":"1a1c01bbd47fc00a2c39e90264f33305004495a9","hash":"d37aa75c899659315b3c141b9a9994d87d06695e"}
}
