TN:
SF:app.js
FN:30,(anonymous_0)
FN:41,(anonymous_1)
FNF:2
FNH:1
FNDA:15,(anonymous_0)
FNDA:0,(anonymous_1)
DA:3,1
DA:4,1
DA:5,1
DA:8,1
DA:10,1
DA:12,1
DA:15,1
DA:18,1
DA:21,1
DA:22,1
DA:25,1
DA:28,1
DA:31,15
DA:32,15
DA:33,15
DA:39,1
DA:40,0
DA:41,0
DA:42,0
DA:45,1
DA:48,1
LF:21
LH:18
BRDA:39,0,0,0
BRDA:39,0,1,1
BRF:2
BRH:1
end_of_record
TN:
SF:server.js
FN:12,(anonymous_0)
FNF:1
FNH:0
FNDA:0,(anonymous_0)
DA:1,0
DA:8,0
DA:11,0
DA:12,0
DA:13,0
LF:5
LH:0
BRDA:11,0,0,0
BRDA:11,0,1,0
BRF:2
BRH:0
end_of_record
TN:
SF:controllers\user.js
FN:12,(anonymous_0)
FN:18,(anonymous_1)
FN:29,(anonymous_2)
FN:37,(anonymous_3)
FN:45,(anonymous_4)
FN:75,(anonymous_5)
FN:117,(anonymous_6)
FN:145,(anonymous_7)
FN:163,(anonymous_8)
FN:175,(anonymous_9)
FN:198,(anonymous_10)
FN:224,(anonymous_11)
FN:228,(anonymous_12)
FN:246,(anonymous_13)
FN:257,(anonymous_14)
FN:280,(anonymous_15)
FN:283,(anonymous_16)
FN:291,(anonymous_17)
FN:294,(anonymous_18)
FN:312,(anonymous_19)
FN:331,(anonymous_20)
FN:334,(anonymous_21)
FNF:22
FNH:18
FNDA:1,(anonymous_0)
FNDA:1,(anonymous_1)
FNDA:0,(anonymous_2)
FNDA:1,(anonymous_3)
FNDA:1,(anonymous_4)
FNDA:7,(anonymous_5)
FNDA:7,(anonymous_6)
FNDA:7,(anonymous_7)
FNDA:4,(anonymous_8)
FNDA:4,(anonymous_9)
FNDA:4,(anonymous_10)
FNDA:1,(anonymous_11)
FNDA:1,(anonymous_12)
FNDA:0,(anonymous_13)
FNDA:1,(anonymous_14)
FNDA:1,(anonymous_15)
FNDA:0,(anonymous_16)
FNDA:1,(anonymous_17)
FNDA:1,(anonymous_18)
FNDA:1,(anonymous_19)
FNDA:1,(anonymous_20)
FNDA:0,(anonymous_21)
DA:2,1
DA:3,1
DA:4,1
DA:5,1
DA:8,1
DA:12,1
DA:13,1
DA:16,1
DA:20,1
DA:21,1
DA:22,1
DA:23,1
DA:24,1
DA:25,1
DA:26,1
DA:27,1
DA:30,0
DA:31,0
DA:32,0
DA:37,1
DA:38,1
DA:39,0
DA:40,0
DA:41,0
DA:42,0
DA:45,1
DA:46,1
DA:47,0
DA:48,0
DA:49,0
DA:52,0
DA:55,1
DA:57,1
DA:58,2
DA:59,2
DA:60,2
DA:61,2
DA:62,2
DA:63,2
DA:66,1
DA:67,1
DA:68,1
DA:71,1
DA:75,1
DA:77,7
DA:84,0
DA:85,0
DA:86,0
DA:87,0
DA:91,7
DA:92,0
DA:93,0
DA:94,0
DA:95,0
DA:99,7
DA:100,0
DA:101,0
DA:102,0
DA:105,0
DA:109,7
DA:110,0
DA:111,0
DA:112,0
DA:113,0
DA:117,7
DA:119,7
DA:120,0
DA:125,0
DA:128,0
DA:129,0
DA:130,0
DA:134,0
DA:135,0
DA:136,0
DA:137,0
DA:139,7
DA:140,7
DA:141,7
DA:145,7
DA:146,7
DA:147,0
DA:148,0
DA:149,0
DA:150,0
DA:152,7
DA:153,7
DA:154,7
DA:155,7
DA:159,7
DA:163,1
DA:165,4
DA:166,0
DA:167,0
DA:168,0
DA:169,0
DA:172,4
DA:175,4
DA:176,4
DA:177,0
DA:178,0
DA:179,0
DA:181,4
DA:182,4
DA:185,4
DA:186,4
DA:187,4
DA:189,0
DA:192,0
DA:193,0
DA:198,4
DA:199,4
DA:200,0
DA:203,0
DA:204,0
DA:207,0
DA:209,4
DA:210,0
DA:211,0
DA:212,0
DA:213,0
DA:215,4
DA:216,4
DA:220,4
DA:224,1
DA:225,1
DA:226,1
DA:228,1
DA:229,1
DA:230,0
DA:231,0
DA:232,0
DA:233,0
DA:235,1
DA:236,1
DA:237,1
DA:238,1
DA:239,1
DA:241,0
DA:242,0
DA:243,0
DA:246,1
DA:247,0
DA:248,0
DA:249,0
DA:250,0
DA:251,0
DA:253,0
DA:254,0
DA:257,1
DA:258,1
DA:259,0
DA:260,0
DA:261,0
DA:262,0
DA:264,1
DA:265,1
DA:266,0
DA:268,1
DA:271,0
DA:272,0
DA:273,0
DA:278,1
DA:281,1
DA:284,0
DA:285,0
DA:286,0
DA:291,1
DA:292,1
DA:294,1
DA:295,1
DA:296,0
DA:297,0
DA:298,0
DA:299,0
DA:301,1
DA:302,1
DA:303,1
DA:304,1
DA:305,1
DA:307,0
DA:308,0
DA:309,0
DA:312,1
DA:313,1
DA:314,0
DA:315,0
DA:316,0
DA:317,0
DA:319,1
DA:320,1
DA:322,0
DA:323,0
DA:324,0
DA:329,1
DA:332,1
DA:335,0
DA:336,0
DA:337,0
DA:341,1
DA:342,1
DA:343,1
DA:344,1
DA:345,1
DA:346,1
LF:204
LH:104
BRDA:38,0,0,0
BRDA:38,0,1,1
BRDA:46,1,0,0
BRDA:46,1,1,1
BRDA:77,2,0,0
BRDA:77,2,1,7
BRDA:78,3,0,7
BRDA:78,3,1,7
BRDA:78,3,2,7
BRDA:78,3,3,7
BRDA:78,3,4,7
BRDA:91,4,0,0
BRDA:91,4,1,7
BRDA:99,5,0,0
BRDA:99,5,1,7
BRDA:109,6,0,0
BRDA:109,6,1,7
BRDA:119,7,0,0
BRDA:119,7,1,7
BRDA:120,8,0,0
BRDA:120,8,1,0
BRDA:146,9,0,0
BRDA:146,9,1,7
BRDA:165,10,0,0
BRDA:165,10,1,4
BRDA:165,11,0,4
BRDA:165,11,1,4
BRDA:176,12,0,0
BRDA:176,12,1,4
BRDA:181,13,0,4
BRDA:181,13,1,0
BRDA:199,14,0,0
BRDA:199,14,1,4
BRDA:209,15,0,0
BRDA:209,15,1,4
BRDA:229,16,0,0
BRDA:229,16,1,1
BRDA:235,17,0,1
BRDA:235,17,1,0
BRDA:247,18,0,0
BRDA:247,18,1,0
BRDA:258,19,0,0
BRDA:258,19,1,1
BRDA:264,20,0,1
BRDA:264,20,1,0
BRDA:265,21,0,0
BRDA:265,21,1,1
BRDA:295,22,0,0
BRDA:295,22,1,1
BRDA:301,23,0,1
BRDA:301,23,1,0
BRDA:313,24,0,0
BRDA:313,24,1,1
BRDA:319,25,0,1
BRDA:319,25,1,0
BRF:55
BRH:29
end_of_record
TN:
SF:models\Media.js
FNF:0
FNH:0
DA:1,1
DA:3,1
DA:6,1
DA:23,1
LF:4
LH:4
BRF:0
BRH:0
end_of_record
TN:
SF:models\User.js
FN:16,(anonymous_0)
FNF:1
FNH:1
FNDA:7,(anonymous_0)
DA:1,1
DA:3,1
DA:4,1
DA:8,1
DA:17,7
DA:18,0
DA:50,1
LF:7
LH:6
BRDA:17,0,0,0
BRDA:17,0,1,7
BRF:2
BRH:1
end_of_record
TN:
SF:models\index.js
FN:25,(anonymous_0)
FN:29,(anonymous_1)
FN:38,(anonymous_2)
FN:43,(anonymous_3)
FN:44,(anonymous_4)
FNF:5
FNH:4
FNDA:0,(anonymous_0)
FNDA:1,(anonymous_1)
FNDA:1,(anonymous_2)
FNDA:6,(anonymous_3)
FNDA:12,(anonymous_4)
DA:3,1
DA:7,1
DA:9,1
DA:16,1
DA:24,1
DA:25,1
DA:26,0
DA:27,0
DA:29,1
DA:30,1
DA:34,1
DA:35,1
DA:38,1
DA:39,1
DA:43,1
DA:44,6
DA:45,12
DA:49,1
DA:50,1
LF:19
LH:17
BRDA:16,0,0,1
BRDA:16,0,1,0
BRF:2
BRH:1
end_of_record
TN:
SF:routes\index.js
FN:10,(anonymous_0)
FNF:1
FNH:0
FNDA:0,(anonymous_0)
DA:1,1
DA:3,1
DA:5,1
DA:7,1
DA:10,1
DA:11,0
DA:14,1
LF:7
LH:6
BRF:0
BRH:0
end_of_record
TN:
SF:routes\user.js
FN:8,(anonymous_0)
FN:13,(anonymous_1)
FN:18,(anonymous_2)
FN:23,(anonymous_3)
FN:28,(anonymous_4)
FN:33,(anonymous_5)
FNF:6
FNH:6
FNDA:1,(anonymous_0)
FNDA:1,(anonymous_1)
FNDA:7,(anonymous_2)
FNDA:4,(anonymous_3)
FNDA:1,(anonymous_4)
FNDA:1,(anonymous_5)
DA:1,1
DA:3,1
DA:4,1
DA:5,1
DA:8,1
DA:9,1
DA:13,1
DA:14,1
DA:18,1
DA:19,7
DA:23,1
DA:24,4
DA:28,1
DA:29,1
DA:33,1
DA:34,1
DA:38,1
LF:17
LH:17
BRF:0
BRH:0
end_of_record
TN:
SF:utils\env.js
FN:1,(anonymous_0)
FNF:1
FNH:1
FNDA:1,(anonymous_0)
DA:1,1
DA:2,1
DA:3,0
DA:4,1
DA:5,1
DA:9,1
LF:6
LH:5
BRDA:2,0,0,0
BRDA:2,0,1,1
BRDA:4,1,0,1
BRDA:4,1,1,0
BRF:4
BRH:2
end_of_record
TN:
SF:utils\jwtTokens.js
FN:6,(anonymous_0)
FN:10,(anonymous_1)
FN:18,(anonymous_2)
FNF:3
FNH:3
FNDA:4,(anonymous_0)
FNDA:3,(anonymous_1)
FNDA:3,(anonymous_2)
DA:2,1
DA:4,1
DA:6,1
DA:7,4
DA:10,1
DA:11,3
DA:12,3
DA:13,3
DA:14,0
DA:15,0
DA:18,3
DA:19,3
DA:20,0
DA:21,0
DA:23,3
DA:24,3
DA:28,1
DA:29,1
LF:18
LH:14
BRDA:12,0,0,3
BRDA:12,0,1,3
BRDA:13,1,0,0
BRDA:13,1,1,3
BRDA:19,2,0,0
BRDA:19,2,1,3
BRF:6
BRH:4
end_of_record
